IT STARTED
Traceback (most recent call last):
  File "rpimon.py", line 23, in <module>
    daemon.start()
  File "/home/vectra/projects/raspberrypy/collection/daemon.py", line 89, in start
    self.run()
  File "rpimon.py", line 9, in run
    self.collect_stats()
  File "rpimon.py", line 14, in collect_stats
    flh = open('debug.log','a')
IOError: [Errno 13] Permission denied: 'debug.log'
scputimes(user=7.3, nice=0.0, system=2.5, idle=90.0, iowait=0.3, irq=0.0, softirq=0.0, steal=0.0, guest=0.0, guest_nice=0.0)IT STARTED
Traceback (most recent call last):
  File "rpimon.py", line 30, in <module>
    daemon.start()
  File "/home/vectra/projects/raspberrypy/collection/daemon.py", line 89, in start
    self.run()
  File "rpimon.py", line 17, in run
    time.sleep(5)
NameError: global name 'time' is not defined
scputimes(user=6.5, nice=0.0, system=2.5, idle=91.0, iowait=0.0, irq=0.0, softirq=0.0, steal=0.0, guest=0.0, guest_nice=0.0)scputimes(user=7.0, nice=0.0, system=2.3, idle=90.7, iowait=0.0, irq=0.0, softirq=0.0, steal=0.0, guest=0.0, guest_nice=0.0)scputimes(user=18.1, nice=0.0, system=4.8, idle=74.6, iowait=2.5, irq=0.0, softirq=0.0, steal=0.0, guest=0.0, guest_nice=0.0)scputimes(user=47.2, nice=0.0, system=9.0, idle=43.2, iowait=0.0, irq=0.5, softirq=0.0, steal=0.0, guest=0.0, guest_nice=0.0)scputimes(user=22.2, nice=0.0, system=5.5, idle=71.3, iowait=1.0, irq=0.0, softirq=0.0, steal=0.0, guest=0.0, guest_nice=0.0)scputimes(user=16.3, nice=0.0, system=5.0, idle=78.4, iowait=0.0, irq=0.3, softirq=0.0, steal=0.0, guest=0.0, guest_nice=0.0)scputimes(user=23.9, nice=0.0, system=6.0, idle=69.8, iowait=0.3, irq=0.0, softirq=0.0, steal=0.0, guest=0.0, guest_nice=0.0)scputimes(user=22.9, nice=0.0, system=6.3, idle=69.8, iowait=0.0, irq=1.0, softirq=0.0, steal=0.0, guest=0.0, guest_nice=0.0)scputimes(user=30.8, nice=0.0, system=8.8, idle=58.3, iowait=1.0, irq=1.0, softirq=0.0, steal=0.0, guest=0.0, guest_nice=0.0)scputimes(user=24.5, nice=0.0, system=6.8, idle=67.9, iowait=0.0, irq=0.8, softirq=0.0, steal=0.0, guest=0.0, guest_nice=0.0)scputimes(user=23.7, nice=0.0, system=6.5, idle=68.5, iowait=0.5, irq=0.8, softirq=0.0, steal=0.0, guest=0.0, guest_nice=0.0)scputimes(user=22.9, nice=0.0, system=6.3, idle=69.8, iowait=0.0, irq=1.0, softirq=0.0, steal=0.0, guest=0.0, guest_nice=0.0)scputimes(user=24.9, nice=0.0, system=6.5, idle=67.3, iowait=0.3, irq=1.0, softirq=0.0, steal=0.0, guest=0.0, guest_nice=0.0)scputimes(user=19.9, nice=0.0, system=5.3, idle=70.8, iowait=3.8, irq=0.3, softirq=0.0, steal=0.0, guest=0.0, guest_nice=0.0)scputimes(user=20.4, nice=0.0, system=5.5, idle=73.6, iowait=0.3, irq=0.3, softirq=0.0, steal=0.0, guest=0.0, guest_nice=0.0)scputimes(user=18.8, nice=0.0, system=5.3, idle=75.4, iowait=0.3, irq=0.3, softirq=0.0, steal=0.0, guest=0.0, guest_nice=0.0)