Traceback (most recent call last):
  File "./rbpi.py", line 32, in <module>
    col.start_collector()
  File "/home/vectra/Projects/rb/lib/datacol.py", line 36, in start_collector
    ProcessLog(self.gettag)
AttributeError: 'Collector' object has no attribute 'gettag'
Traceback (most recent call last):
  File "./rbpi.py", line 32, in <module>
    col.start_collector()
  File "/home/vectra/Projects/rb/lib/datacol.py", line 35, in start_collector
    ProcessLog(self.gettag)
AttributeError: 'Collector' object has no attribute 'gettag'
Traceback (most recent call last):
  File "./rbpi.py", line 32, in <module>
    col.start_collector()
  File "/home/vectra/Projects/rb/lib/datacol.py", line 35, in start_collector
    ProcessLog(self.gettag)
AttributeError: 'Collector' object has no attribute 'gettag'
Traceback (most recent call last):
  File "./rbpi.py", line 32, in <module>
    col.start_collector()
  File "/home/vectra/Projects/rb/lib/datacol.py", line 35, in start_collector
    ProcessLog(self.gettag)
AttributeError: 'Collector' object has no attribute 'gettag'
Traceback (most recent call last):
  File "./rbpi.py", line 32, in <module>
    col.start_collector()
  File "/home/vectra/Projects/rb/lib/datacol.py", line 35, in start_collector
    ProcessLog(dafuck)
NameError: global name 'dafuck' is not defined
Traceback (most recent call last):
  File "./rbpi.py", line 32, in <module>
    col.start_collector()
  File "/home/vectra/Projects/rb/lib/datacol.py", line 35, in start_collector
    ProcessLog(dafuck)
NameError: global name 'dafuck' is not defined
Traceback (most recent call last):
  File "./rbpi.py", line 32, in <module>
    col.start_collector()
  File "/home/vectra/Projects/rb/lib/datacol.py", line 35, in start_collector
    sch = Scheduler()
  File "/home/vectra/Projects/rb/lib/datacol.py", line 12, in __init__
    self.gettag = "Scheduler started every %s" % self.snooze + " seconds"
AttributeError: 'Scheduler' object has no attribute 'snooze'
Bottle v0.12.4 server starting up (using WSGIRefServer())...
Listening on http://10.0.2.15:5050/
Hit Ctrl-C to quit.

Traceback (most recent call last):
  File "./rbpi.py", line 33, in <module>
    run(host='10.0.2.15',port=5050,debug=True)
  File "/usr/lib/python2.7/site-packages/bottle.py", line 3112, in run
    server.run(app)
  File "/usr/lib/python2.7/site-packages/bottle.py", line 2766, in run
    srv = make_server(self.host, self.port, app, server_cls, handler_cls)
  File "/usr/lib64/python2.7/wsgiref/simple_server.py", line 144, in make_server
    server = server_class((host, port), handler_class)
  File "/usr/lib64/python2.7/SocketServer.py", line 419, in __init__
    self.server_bind()
  File "/usr/lib64/python2.7/wsgiref/simple_server.py", line 48, in server_bind
    HTTPServer.server_bind(self)
  File "/usr/lib64/python2.7/BaseHTTPServer.py", line 108, in server_bind
    SocketServer.TCPServer.server_bind(self)
  File "/usr/lib64/python2.7/SocketServer.py", line 430, in server_bind
    self.socket.bind(self.server_address)
  File "/usr/lib64/python2.7/socket.py", line 224, in meth
    return getattr(self._sock,name)(*args)
socket.error: [Errno 98] Address already in use
Bottle v0.12.4 server starting up (using WSGIRefServer())...
Listening on http://10.0.2.15:5050/
Hit Ctrl-C to quit.

Traceback (most recent call last):
  File "./rbpi.py", line 33, in <module>
    run(host='10.0.2.15',port=5050,debug=True)
  File "/usr/lib/python2.7/site-packages/bottle.py", line 3112, in run
    server.run(app)
  File "/usr/lib/python2.7/site-packages/bottle.py", line 2766, in run
    srv = make_server(self.host, self.port, app, server_cls, handler_cls)
  File "/usr/lib64/python2.7/wsgiref/simple_server.py", line 144, in make_server
    server = server_class((host, port), handler_class)
  File "/usr/lib64/python2.7/SocketServer.py", line 419, in __init__
    self.server_bind()
  File "/usr/lib64/python2.7/wsgiref/simple_server.py", line 48, in server_bind
    HTTPServer.server_bind(self)
  File "/usr/lib64/python2.7/BaseHTTPServer.py", line 108, in server_bind
    SocketServer.TCPServer.server_bind(self)
  File "/usr/lib64/python2.7/SocketServer.py", line 430, in server_bind
    self.socket.bind(self.server_address)
  File "/usr/lib64/python2.7/socket.py", line 224, in meth
    return getattr(self._sock,name)(*args)
socket.error: [Errno 98] Address already in use
Bottle v0.12.4 server starting up (using WSGIRefServer())...
Listening on http://10.0.2.15:5050/
Hit Ctrl-C to quit.

Traceback (most recent call last):
  File "./rbpi.py", line 33, in <module>
    run(host='10.0.2.15',port=5050,debug=True)
  File "/usr/lib/python2.7/site-packages/bottle.py", line 3112, in run
    server.run(app)
  File "/usr/lib/python2.7/site-packages/bottle.py", line 2766, in run
    srv = make_server(self.host, self.port, app, server_cls, handler_cls)
  File "/usr/lib64/python2.7/wsgiref/simple_server.py", line 144, in make_server
    server = server_class((host, port), handler_class)
  File "/usr/lib64/python2.7/SocketServer.py", line 419, in __init__
    self.server_bind()
  File "/usr/lib64/python2.7/wsgiref/simple_server.py", line 48, in server_bind
    HTTPServer.server_bind(self)
  File "/usr/lib64/python2.7/BaseHTTPServer.py", line 108, in server_bind
    SocketServer.TCPServer.server_bind(self)
  File "/usr/lib64/python2.7/SocketServer.py", line 430, in server_bind
    self.socket.bind(self.server_address)
  File "/usr/lib64/python2.7/socket.py", line 224, in meth
    return getattr(self._sock,name)(*args)
socket.error: [Errno 98] Address already in use
Bottle v0.12.4 server starting up (using WSGIRefServer())...
Listening on http://10.0.2.15:5050/
Hit Ctrl-C to quit.

Traceback (most recent call last):
  File "./rbpi.py", line 33, in <module>
    run(host='10.0.2.15',port=5050,debug=True)
  File "/usr/lib/python2.7/site-packages/bottle.py", line 3112, in run
    server.run(app)
  File "/usr/lib/python2.7/site-packages/bottle.py", line 2766, in run
    srv = make_server(self.host, self.port, app, server_cls, handler_cls)
  File "/usr/lib64/python2.7/wsgiref/simple_server.py", line 144, in make_server
    server = server_class((host, port), handler_class)
  File "/usr/lib64/python2.7/SocketServer.py", line 419, in __init__
    self.server_bind()
  File "/usr/lib64/python2.7/wsgiref/simple_server.py", line 48, in server_bind
    HTTPServer.server_bind(self)
  File "/usr/lib64/python2.7/BaseHTTPServer.py", line 108, in server_bind
    SocketServer.TCPServer.server_bind(self)
  File "/usr/lib64/python2.7/SocketServer.py", line 430, in server_bind
    self.socket.bind(self.server_address)
  File "/usr/lib64/python2.7/socket.py", line 224, in meth
    return getattr(self._sock,name)(*args)
socket.error: [Errno 98] Address already in use
Exception in thread Thread-1 (most likely raised during interpreter shutdown):
Traceback (most recent call last):
  File "/usr/lib64/python2.7/threading.py", line 808, in __bootstrap_inner
  File "/home/vectra/Projects/rb/lib/datacol.py", line 19, in run
  File "/home/vectra/Projects/rb/lib/datacol.py", line 44, in __init__
  File "/home/vectra/Projects/rb/lib/datacol.py", line 49, in start_log
<type 'exceptions.AttributeError'>: 'NoneType' object has no attribute 'path'
Bottle v0.12.4 server starting up (using WSGIRefServer())...
Listening on http://10.0.2.15:5050/
Hit Ctrl-C to quit.

Traceback (most recent call last):
  File "./rbpi.py", line 33, in <module>
    run(host='10.0.2.15',port=5050,debug=True)
  File "/usr/lib/python2.7/site-packages/bottle.py", line 3112, in run
    server.run(app)
  File "/usr/lib/python2.7/site-packages/bottle.py", line 2766, in run
    srv = make_server(self.host, self.port, app, server_cls, handler_cls)
  File "/usr/lib64/python2.7/wsgiref/simple_server.py", line 144, in make_server
    server = server_class((host, port), handler_class)
  File "/usr/lib64/python2.7/SocketServer.py", line 419, in __init__
    self.server_bind()
  File "/usr/lib64/python2.7/wsgiref/simple_server.py", line 48, in server_bind
    HTTPServer.server_bind(self)
  File "/usr/lib64/python2.7/BaseHTTPServer.py", line 108, in server_bind
    SocketServer.TCPServer.server_bind(self)
  File "/usr/lib64/python2.7/SocketServer.py", line 430, in server_bind
    self.socket.bind(self.server_address)
  File "/usr/lib64/python2.7/socket.py", line 224, in meth
    return getattr(self._sock,name)(*args)
socket.error: [Errno 98] Address already in use
Bottle v0.12.4 server starting up (using WSGIRefServer())...
Listening on http://10.0.2.15:5050/
Hit Ctrl-C to quit.

Traceback (most recent call last):
  File "./rbpi.py", line 33, in <module>
    run(host='10.0.2.15',port=5050,debug=True)
  File "/usr/lib/python2.7/site-packages/bottle.py", line 3112, in run
    server.run(app)
  File "/usr/lib/python2.7/site-packages/bottle.py", line 2766, in run
    srv = make_server(self.host, self.port, app, server_cls, handler_cls)
  File "/usr/lib64/python2.7/wsgiref/simple_server.py", line 144, in make_server
    server = server_class((host, port), handler_class)
  File "/usr/lib64/python2.7/SocketServer.py", line 419, in __init__
    self.server_bind()
  File "/usr/lib64/python2.7/wsgiref/simple_server.py", line 48, in server_bind
    HTTPServer.server_bind(self)
  File "/usr/lib64/python2.7/BaseHTTPServer.py", line 108, in server_bind
    SocketServer.TCPServer.server_bind(self)
  File "/usr/lib64/python2.7/SocketServer.py", line 430, in server_bind
    self.socket.bind(self.server_address)
  File "/usr/lib64/python2.7/socket.py", line 224, in meth
    return getattr(self._sock,name)(*args)
socket.error: [Errno 98] Address already in use
Bottle v0.12.4 server starting up (using WSGIRefServer())...
Listening on http://10.0.2.15:5050/
Hit Ctrl-C to quit.

Traceback (most recent call last):
  File "./rbpi.py", line 33, in <module>
    run(host='10.0.2.15',port=5050,debug=True)
  File "/usr/lib/python2.7/site-packages/bottle.py", line 3112, in run
    server.run(app)
  File "/usr/lib/python2.7/site-packages/bottle.py", line 2766, in run
    srv = make_server(self.host, self.port, app, server_cls, handler_cls)
  File "/usr/lib64/python2.7/wsgiref/simple_server.py", line 144, in make_server
    server = server_class((host, port), handler_class)
  File "/usr/lib64/python2.7/SocketServer.py", line 419, in __init__
    self.server_bind()
  File "/usr/lib64/python2.7/wsgiref/simple_server.py", line 48, in server_bind
    HTTPServer.server_bind(self)
  File "/usr/lib64/python2.7/BaseHTTPServer.py", line 108, in server_bind
    SocketServer.TCPServer.server_bind(self)
  File "/usr/lib64/python2.7/SocketServer.py", line 430, in server_bind
    self.socket.bind(self.server_address)
  File "/usr/lib64/python2.7/socket.py", line 224, in meth
    return getattr(self._sock,name)(*args)
socket.error: [Errno 98] Address already in use
Bottle v0.12.4 server starting up (using WSGIRefServer())...
Listening on http://10.0.2.15:5050/
Hit Ctrl-C to quit.

Traceback (most recent call last):
  File "./rbpi.py", line 33, in <module>
    run(host='10.0.2.15',port=5050,debug=True)
  File "/usr/lib/python2.7/site-packages/bottle.py", line 3112, in run
    server.run(app)
  File "/usr/lib/python2.7/site-packages/bottle.py", line 2766, in run
    srv = make_server(self.host, self.port, app, server_cls, handler_cls)
  File "/usr/lib64/python2.7/wsgiref/simple_server.py", line 144, in make_server
    server = server_class((host, port), handler_class)
  File "/usr/lib64/python2.7/SocketServer.py", line 419, in __init__
    self.server_bind()
  File "/usr/lib64/python2.7/wsgiref/simple_server.py", line 48, in server_bind
    HTTPServer.server_bind(self)
  File "/usr/lib64/python2.7/BaseHTTPServer.py", line 108, in server_bind
    SocketServer.TCPServer.server_bind(self)
  File "/usr/lib64/python2.7/SocketServer.py", line 430, in server_bind
    self.socket.bind(self.server_address)
  File "/usr/lib64/python2.7/socket.py", line 224, in meth
    return getattr(self._sock,name)(*args)
socket.error: [Errno 98] Address already in use
Bottle v0.12.4 server starting up (using WSGIRefServer())...
Listening on http://10.0.2.15:5050/
Hit Ctrl-C to quit.

Traceback (most recent call last):
  File "./rbpi.py", line 33, in <module>
    run(host='10.0.2.15',port=5050,debug=True)
  File "/usr/lib/python2.7/site-packages/bottle.py", line 3112, in run
    server.run(app)
  File "/usr/lib/python2.7/site-packages/bottle.py", line 2766, in run
    srv = make_server(self.host, self.port, app, server_cls, handler_cls)
  File "/usr/lib64/python2.7/wsgiref/simple_server.py", line 144, in make_server
    server = server_class((host, port), handler_class)
  File "/usr/lib64/python2.7/SocketServer.py", line 419, in __init__
    self.server_bind()
  File "/usr/lib64/python2.7/wsgiref/simple_server.py", line 48, in server_bind
    HTTPServer.server_bind(self)
  File "/usr/lib64/python2.7/BaseHTTPServer.py", line 108, in server_bind
    SocketServer.TCPServer.server_bind(self)
  File "/usr/lib64/python2.7/SocketServer.py", line 430, in server_bind
    self.socket.bind(self.server_address)
  File "/usr/lib64/python2.7/socket.py", line 224, in meth
    return getattr(self._sock,name)(*args)
socket.error: [Errno 98] Address already in use
Bottle v0.12.4 server starting up (using WSGIRefServer())...
Listening on http://10.0.2.15:5050/
Hit Ctrl-C to quit.

Traceback (most recent call last):
  File "./rbpi.py", line 33, in <module>
    run(host='10.0.2.15',port=5050,debug=True)
  File "/usr/lib/python2.7/site-packages/bottle.py", line 3112, in run
    server.run(app)
  File "/usr/lib/python2.7/site-packages/bottle.py", line 2766, in run
    srv = make_server(self.host, self.port, app, server_cls, handler_cls)
  File "/usr/lib64/python2.7/wsgiref/simple_server.py", line 144, in make_server
    server = server_class((host, port), handler_class)
  File "/usr/lib64/python2.7/SocketServer.py", line 419, in __init__
    self.server_bind()
  File "/usr/lib64/python2.7/wsgiref/simple_server.py", line 48, in server_bind
    HTTPServer.server_bind(self)
  File "/usr/lib64/python2.7/BaseHTTPServer.py", line 108, in server_bind
    SocketServer.TCPServer.server_bind(self)
  File "/usr/lib64/python2.7/SocketServer.py", line 430, in server_bind
    self.socket.bind(self.server_address)
  File "/usr/lib64/python2.7/socket.py", line 224, in meth
    return getattr(self._sock,name)(*args)
socket.error: [Errno 98] Address already in use
Exception in thread Thread-1 (most likely raised during interpreter shutdown):
Traceback (most recent call last):
  File "/usr/lib64/python2.7/threading.py", line 808, in __bootstrap_inner
  File "/home/vectra/Projects/rb/lib/datacol.py", line 19, in run
  File "/home/vectra/Projects/rb/lib/datacol.py", line 44, in __init__
  File "/home/vectra/Projects/rb/lib/datacol.py", line 49, in start_log
<type 'exceptions.AttributeError'>: 'NoneType' object has no attribute 'path'
Bottle v0.12.4 server starting up (using WSGIRefServer())...
Listening on http://10.0.2.15:5050/
Hit Ctrl-C to quit.

Traceback (most recent call last):
  File "./rbpi.py", line 33, in <module>
    run(host='10.0.2.15',port=5050,debug=True)
  File "/usr/lib/python2.7/site-packages/bottle.py", line 3112, in run
    server.run(app)
  File "/usr/lib/python2.7/site-packages/bottle.py", line 2766, in run
    srv = make_server(self.host, self.port, app, server_cls, handler_cls)
  File "/usr/lib64/python2.7/wsgiref/simple_server.py", line 144, in make_server
    server = server_class((host, port), handler_class)
  File "/usr/lib64/python2.7/SocketServer.py", line 419, in __init__
    self.server_bind()
  File "/usr/lib64/python2.7/wsgiref/simple_server.py", line 48, in server_bind
    HTTPServer.server_bind(self)
  File "/usr/lib64/python2.7/BaseHTTPServer.py", line 108, in server_bind
    SocketServer.TCPServer.server_bind(self)
  File "/usr/lib64/python2.7/SocketServer.py", line 430, in server_bind
    self.socket.bind(self.server_address)
  File "/usr/lib64/python2.7/socket.py", line 224, in meth
    return getattr(self._sock,name)(*args)
socket.error: [Errno 98] Address already in use
Bottle v0.12.4 server starting up (using WSGIRefServer())...
Listening on http://10.0.2.15:5050/
Hit Ctrl-C to quit.

Bottle v0.12.4 server starting up (using WSGIRefServer())...
Listening on http://10.0.2.15:5050/
Hit Ctrl-C to quit.

Bottle v0.12.4 server starting up (using WSGIRefServer())...
Listening on http://10.0.2.15:5050/
Hit Ctrl-C to quit.

Bottle v0.12.4 server starting up (using WSGIRefServer())...
Listening on http://10.0.2.15:5050/
Hit Ctrl-C to quit.

Bottle v0.12.4 server starting up (using WSGIRefServer())...
Listening on http://10.0.2.15:5050/
Hit Ctrl-C to quit.

Bottle v0.12.4 server starting up (using WSGIRefServer())...
Listening on http://10.0.2.15:5050/
Hit Ctrl-C to quit.

Bottle v0.12.4 server starting up (using WSGIRefServer())...
Listening on http://10.0.2.15:5050/
Hit Ctrl-C to quit.

Bottle v0.12.4 server starting up (using WSGIRefServer())...
Listening on http://10.0.2.15:5050/
Hit Ctrl-C to quit.

Bottle v0.12.4 server starting up (using WSGIRefServer())...
Listening on http://10.0.2.15:5050/
Hit Ctrl-C to quit.

Bottle v0.12.4 server starting up (using WSGIRefServer())...
Listening on http://10.0.2.15:5050/
Hit Ctrl-C to quit.

Bottle v0.12.4 server starting up (using WSGIRefServer())...
Listening on http://10.0.2.15:5050/
Hit Ctrl-C to quit.

Bottle v0.12.4 server starting up (using WSGIRefServer())...
Listening on http://10.0.2.15:5050/
Hit Ctrl-C to quit.

Bottle v0.12.4 server starting up (using WSGIRefServer())...
Listening on http://10.0.2.15:5050/
Hit Ctrl-C to quit.

Bottle v0.12.4 server starting up (using WSGIRefServer())...
Listening on http://10.0.2.15:5050/
Hit Ctrl-C to quit.

Bottle v0.12.4 server starting up (using WSGIRefServer())...
Listening on http://10.0.2.15:5050/
Hit Ctrl-C to quit.

Bottle v0.12.4 server starting up (using WSGIRefServer())...
Listening on http://10.0.2.15:5050/
Hit Ctrl-C to quit.

Bottle v0.12.4 server starting up (using WSGIRefServer())...
Listening on http://10.0.2.15:5050/
Hit Ctrl-C to quit.

Bottle v0.12.4 server starting up (using WSGIRefServer())...
Listening on http://10.0.2.15:5050/
Hit Ctrl-C to quit.

Bottle v0.12.4 server starting up (using WSGIRefServer())...
Listening on http://10.0.2.15:5050/
Hit Ctrl-C to quit.

